Title: PostgreSQL 9.5一些新特性
Date: 2016-01-13 16:15
Category: PostgreSQL

PostgreSQL 9.5已经发布，本文记录该版本的一些新特性

## 安装

    wget https://ftp.postgresql.org/pub/source/v9.5.0/postgresql-9.5.0.tar.gz
    tar xzvf postgresql-9.5.0.tar.gz
    cd postgresql-9.5.0
    ./configure --prefix=/opt/pgsql
    make
    su
    make install
    adduser postgres
    mkdir /opt/pgsql/data
    chown postgres /opt/pgsql/data
    su - postgres
    /opt/pgsql/bin/initdb -D /opt/pgsql/data
    /opt/pgsql/bin/postgres -D /opt/pgsql/data >logfile 2>&1 &
    /opt/pgsql/bin/createdb test
    /opt/pgsql/bin/psql test
    
## UPSERT

通过扩展**INSERT**语句增加了**ON CONFLICT DO UPDATE/IGNORE**子句在违反了唯一约束的情况下做其他动作

在唯一约束中添加了重复字段时会报错：

    test=# create table ins_update_test(x INTEGER PRIMARY KEY);
    CREATE TABLE
    test=# INSERT INTO ins_update_test VALUES (1);
    INSERT 0 1
    test=# INSERT INTO ins_update_test VALUES (1);
    ERROR:  duplicate key value violates unique constraint "ins_update_test_pkey"
    DETAIL:  Key (x)=(1) already exists.
    
支持INSERT … ON CONFLICT语句时我们可以这么做

    test=# INSERT INTO ins_update_test VALUES(1)  ON CONFLICT DO NOTHING;
    INSERT 0 0
    
    test=# INSERT INTO ins_update_test VALUES(1)  ON CONFLICT(x) DO UPDATE SET x = 2; 
    INSERT 0 1
    test=# select * from ins_update_test ;
     x 
    ---
     2
     
 语句中我们还可以EXCLUDED来引用冲突插入的记录
     
    test=# create table customer(cust_id INTEGER PRIMARY KEY, name TEXT);
    CREATE TABLE
    test=# INSERT INTO customer VALUES(100, 'Big Customer');
    INSERT 0 1
    test=# 
    test=# INSERT INTO customer VALUES(100, 'Non-paying customer');
    ERROR:  duplicate key value violates unique constraint "customer_pkey"
    DETAIL:  Key (cust_id)=(100) already exists.
    test=# INSERT INTO customer VALUES(100, 'Non-paying customer')
                 ON CONFLICT (cust_id) DO UPDATE SET name = EXCLUDED.name;
    INSERT 0 1
    test=# select * from customer;
     cust_id |        name         
    ---------+---------------------
         100 | Non-paying customer
         
配合SELECT语句我们还可以只插入不存在的记录集

    test=# CREATE TABLE merge (x INTEGER PRIMARY KEY);
    CREATE TABLE
    test=# INSERT INTO merge VALUES (1), (3), (5);
    INSERT 0 3
    test=# INSERT INTO merge SELECT * FROM generate_series(1, 5);
    ERROR:  duplicate key value violates unique constraint "merge_pkey"
    DETAIL:  Key (x)=(1) already exists.
    
    test=# INSERT INTO merge SELECT * FROM generate_series(1, 5) ON CONFLICT DO NOTHING;
    INSERT 0 2
    test=# SELECT * FROM merge;
     x 
    ---
     1
     3
     5
     2
     4
     
也可以再更新冲突记录

    test=# CREATE TABLE merge2(x INTEGER PRIMARY KEY, status TEXT);
    CREATE TABLE
    test=# INSERT INTO merge2 VALUES (1, 'old'), (3, 'old'), (5, 'old');
    INSERT 0 3
    test=# INSERT INTO merge2 SELECT *, 'new' FROM generate_series(2, 5) ON CONFLICT (x) DO UPDATE SET status = 'conflict';
    INSERT 0 4
    test=# SELECT * FROM merge2;
     x |  status  
    ---+----------
     1 | old
     2 | new
     3 | conflict
     4 | new
     5 | conflict
    (5 rows)
    
## Block-Range Indexes ( BRIN )

引入新的索引访问方法BRIN，这个索引存储了表的连续数据块区间以及对应的数据取值范围。

主要应用场景：流式日志数据，比如用户行为，大批量的数据按时间顺序不停的插入数据表。

我们通常BTREE来创建索引，但是BTREE索引存储的信息量大，如果数据量大，那么索引也很庞大。BRIN的话就可以相对来说很小。


我们建立两个表测试：

    test=# create table t1(id int,info text);
    CREATE TABLE
    test=# create table t2(id int,info text);
    CREATE TABLE

向t1生成数据，注意这里id是有序插入

    insert into t1 select generate_series(1,10000000),md5(random()::text);

向t2生成数据，这里id是乱序的

    insert into t2 select id,md5(random()::text) from generate_series(1,10000000) as t(id) order by random();
    
统计元数据

    analyze t1;
    analyze t2;  
    
这里有比较重要的概念就是相关性，即列的物理顺序和列的逻辑顺序的相关性，相关性越高, 走索引扫描的离散块扫描更少, 也就是说, 相关性越高, 走索引扫描的离散块扫描代价越低。
统计值范围从-1到1, 趋向于-1表示逆向相关, 趋向于1表示正向相关, 趋向于0表示不相关.

在pgsql里面我们可以使用如下语句分别获得t1，t2数据ID的相关性：

**t1**:

    test=#  select correlation from pg_stats where tablename='t1' and attname='id';
     correlation 
    -------------
               1

**t2**:

    test=#  select correlation from pg_stats where tablename='t2' and attname='id';
     correlation 
    -------------
      0.00614929
    (1 row)


显然T2表的物理存储和实际值顺序相关性很差

现在我们来创建索引

    test=# create index idx_t1_id on t1 using brin(id);
    CREATE INDEX
    Time: 1246.424 ms
    test=# create index idx_t2_id on t2 using brin(id);
    CREATE INDEX
    Time: 1197.713 ms
    
我们可以看到创建速度要比btree快很多

我们还可以看到创建的brin索引相当小，我机器上只用56kB


    test=# \di+
                              List of relations
     Schema |   Name    | Type  |  Owner   | Table | Size  | Description 
    --------+-----------+-------+----------+-------+-------+-------------
     public | idx_t1_id | index | postgres | t1    | 56 kB | 
     public | idx_t2_id | index | postgres | t2    | 56 kB | 
    (2 rows)
    
    test=# \dt+ t1
                            List of relations
     Schema | Name | Type  |  Owner   |  Size  | Description 
    --------+------+-------+----------+--------+-------------
     public | t1   | table | postgres | 651 MB | 
    (1 row)


我们来看看实际查询


    test=# explain analyze select * from t1 where id >= 1000 and id <= 5000;
                                                           QUERY PLAN                                                        
    -------------------------------------------------------------------------------------------------------------------------
     Bitmap Heap Scan on t1  (cost=47.27..10372.81 rows=3050 width=37) (actual time=0.269..1.651 rows=4001 loops=1)
       Recheck Cond: ((id >= 1000) AND (id <= 5000))
       Rows Removed by Index Recheck: 11359
       Heap Blocks: lossy=128
       ->  Bitmap Index Scan on idx_t1_id  (cost=0.00..46.50 rows=3050 width=0) (actual time=0.185..0.185 rows=1280 loops=1)
             Index Cond: ((id >= 1000) AND (id <= 5000))
     Planning time: 0.045 ms
     Execution time: 1.764 ms
    (8 rows)
    
    Time: 1.986 ms

我们再看看相关性差的

    test=#  explain analyze select * from t2 where id>=1000 and id<=5000;
                                                            QUERY PLAN                                                         
    ---------------------------------------------------------------------------------------------------------------------------
     Bitmap Heap Scan on t2  (cost=51.09..11502.91 rows=3423 width=37) (actual time=4.520..1043.938 rows=4001 loops=1)
       Recheck Cond: ((id >= 1000) AND (id <= 5000))
       Rows Removed by Index Recheck: 9979999
       Heap Blocks: lossy=83200
       ->  Bitmap Index Scan on idx_t2_id  (cost=0.00..50.23 rows=3423 width=0) (actual time=4.435..4.435 rows=832000 loops=1)
             Index Cond: ((id >= 1000) AND (id <= 5000))
     Planning time: 0.044 ms
     Execution time: 1044.217 ms
    (8 rows)
    
    Time: 1044.462 ms
    
对于相关性差的还不如全表扫描：


    test=# set enable_bitmapscan=off;
    SET
    Time: 0.089 ms
    test=# 
    test=# explain analyze select * from t2 where id>=1000 and id<=5000;
                                                    QUERY PLAN                                                
    ----------------------------------------------------------------------------------------------------------
     Seq Scan on t2  (cost=0.00..233334.00 rows=3423 width=37) (actual time=0.310..870.398 rows=4001 loops=1)
       Filter: ((id >= 1000) AND (id <= 5000))
       Rows Removed by Filter: 9995999
     Planning time: 0.045 ms
     Execution time: 870.663 ms
    (5 rows)
    
    Time: 870.904 ms
    
我们来对比一下BRIN和BTREE

    test=# set enable_bitmapscan=on;
    SET
    test=# drop index idx_t1_id ;
    DROP INDEX
    test=# drop index idx_t2_id ;
    DROP INDEX
    test=# create index idx_t1_id_bt on t1 using btree (id);
    CREATE INDEX
    Time: 6963.024 ms
    test=#  create index idx_t2_id_bt on t2 using btree (id);
    CREATE INDEX
    Time: 11669.580 ms
    test=# explain analyze select * from t1 where id >= 1000 and id <= 5000;
                                                            QUERY PLAN                                                        
    --------------------------------------------------------------------------------------------------------------------------
     Index Scan using idx_t1_id_bt on t1  (cost=0.43..154.19 rows=3738 width=37) (actual time=0.007..0.459 rows=4001 loops=1)
       Index Cond: ((id >= 1000) AND (id <= 5000))
     Planning time: 0.076 ms
     Execution time: 0.565 ms
    (4 rows)
    
    Time: 0.833 ms
    test=# explain analyze select * from t2 where id>=1000 and id<=5000;
                                                             QUERY PLAN                                                         
    ----------------------------------------------------------------------------------------------------------------------------
     Bitmap Heap Scan on t2  (cost=77.47..12093.60 rows=3613 width=37) (actual time=0.870..9.777 rows=4001 loops=1)
       Recheck Cond: ((id >= 1000) AND (id <= 5000))
       Heap Blocks: exact=3913
       ->  Bitmap Index Scan on idx_t2_id_bt  (cost=0.00..76.56 rows=3613 width=0) (actual time=0.422..0.422 rows=4001 loops=1)
             Index Cond: ((id >= 1000) AND (id <= 5000))
     Planning time: 0.123 ms
     Execution time: 9.921 ms
    (7 rows)
    
    Time: 10.342 ms

btree查询性能还是更高，不过我们来看看索引大小：

    test=# \di+
                                List of relations
     Schema |     Name     | Type  |  Owner   | Table |  Size  | Description 
    --------+--------------+-------+----------+-------+--------+-------------
     public | idx_t1_id_bt | index | postgres | t1    | 214 MB | 
     public | idx_t2_id_bt | index | postgres | t2    | 214 MB | 
    (2 rows
    
接下来我们来调整一下brin索引的精度，以此来提供查询效率，默认brin存储128个连续的数据块区间，值越小，精度越高。


    test=# create index idx_t1_id on t1 using brin(id) with (pages_per_range=1);
    CREATE INDEX
    Time: 1397.601 ms
    test=# create index idx_t2_id on t2 using brin(id) with (pages_per_range=1);
    CREATE INDEX
    test=# \di+
                               List of relations
     Schema |   Name    | Type  |  Owner   | Table |  Size   | Description 
    --------+-----------+-------+----------+-------+---------+-------------
     public | idx_t1_id | index | postgres | t1    | 2168 kB | 
     public | idx_t2_id | index | postgres | t2    | 2168 kB | 
    (2 rows)

    test=# explain analyze select * from t1 where id >= 1000 and id <= 5000;
                                                             QUERY PLAN                                                         
    ----------------------------------------------------------------------------------------------------------------------------
     Bitmap Heap Scan on t1  (cost=1103.27..11428.81 rows=3050 width=37) (actual time=20.337..20.728 rows=4001 loops=1)
       Recheck Cond: ((id >= 1000) AND (id <= 5000))
       Rows Removed by Index Recheck: 79
       Heap Blocks: lossy=34
       ->  Bitmap Index Scan on idx_t1_id  (cost=0.00..1102.50 rows=3050 width=0) (actual time=20.323..20.323 rows=340 loops=1)
             Index Cond: ((id >= 1000) AND (id <= 5000))
     Planning time: 0.043 ms
     Execution time: 20.832 ms
    (8 rows)
    test=# explain analyze select * from t2 where id >= 1000 and id <= 5000;
                                                              QUERY PLAN                                                          
    ------------------------------------------------------------------------------------------------------------------------------
     Bitmap Heap Scan on t2  (cost=1107.09..12558.91 rows=3423 width=37) (actual time=20.633..78.171 rows=4001 loops=1)
       Recheck Cond: ((id >= 1000) AND (id <= 5000))
       Rows Removed by Index Recheck: 579319 
       Heap Blocks: lossy=4861
       ->  Bitmap Index Scan on idx_t2_id  (cost=0.00..1106.23 rows=3423 width=0) (actual time=20.591..20.591 rows=48610 loops=1)
             Index Cond: ((id >= 1000) AND (id <= 5000))
     Planning time: 0.062 ms
     Execution time: 78.320 ms
    (8 rows)
    
    Time: 78.659 ms
    
扫描效率有一定提升。比btree还是有差距，不过对于大数据场景，我们还要考虑到插入性能。那么btree和brin哪个插入性好呢？

    test=# \d t1
          Table "public.t1"
     Column |  Type   | Modifiers 
    --------+---------+-----------
     id     | integer | 
     info   | text    | 
    Indexes:
        "idx_t1_id" brin (id) WITH (pages_per_range='1')
    test=# \timing on
    Timing is on.
    test=# insert INTO t1 select generate_series(1, 1000000);
    INSERT 0 1000000
    Time: 930.838 ms
    
    test=# drop index idx_t1_id;
    DROP INDEX
    Time: 1.452 ms
    test=# create index idx_t1_id on t1 using btree(id);
    CREATE INDEX
    Time: 8276.193 ms
    test=# insert into t1 select generate_series(1, 1000000);
    INSERT 0 1000000
    Time: 4110.785 ms

## Analytic Operations Grouping Sets, CUBE, and ROLLUP

分组集合实现的是将多个分组查询的结果union all的效果

用法参考：[http://www.postgresql.org/docs/devel/static/queries-table-expressions.html#QUERIES-GROUPING-SETS](http://www.postgresql.org/docs/devel/static/queries-table-expressions.html#QUERIES-GROUPING-SETS)

* 组个多个GROUP BY在单个查询
* 避免使用多个UNION ALL重复计算
* 空字段作为NULL

-----------
    
    test=# SELECT * FROM items_sold;
     brand | size | sales 
    -------+------+-------
     Foo   | L    |    10
     Foo   | M    |    20
     Bar   | M    |    15
     Bar   | L    |     5
    (4 rows)
    
    
    test=# SELECT brand, size, sum(sales) FROM items_sold GROUP BY GROUPING SETS
                     ((brand), (size), ());
     brand | size | sum 
    -------+------+-----
     Bar   |      |  20
     Foo   |      |  30
           |      |  50
           | L    |  15
           | M    |  35
    
GROUP BY GROUPING SETS ((brand), (size), ());相当于以下三个group by的union all

* group by brand
*  group by size
*  group by ()

没有在分组列出的用NULL代替

分组结合除了可以用GROUPING SETS指定，另外还提供了ROOLUP和CUBE写法

**ROLLUP (e1, e2, e3)**

代表递减分组，一般用于异构结构的分组，如国家，省份，城市，乡镇这样的结构查询。
逐级分组汇总结果，它相当于如下写法：

    GROUPING SETS(
        (e1, e2, e3, ...),
        ...
        (e1, e2)
        (e1)
        () --　注意包含全集
    )
    
**CUBE**

CUBE(a, b, c)

cube是任意组合，相当于：

    GROUPING SETS (
        ( a, b, c ),
        ( a, b    ),
        ( a,    c ),
        ( a       ),
        (    b, c ),
        (    b    ),
        (       c ),
        (         )
    )
    
    
CUBE和ROLLUP中可以使用括号将多个表达式视为单个表达式处理：

ROLLUP(a, (b,c), d)

相当于

    GROUPING SETS(
      (a, b, c, d),
      (a, b, c)
      (a),
      ()
    )
    
CUBE ((a, b), (c,d))

相当于    

    GROUPING SETS(
        (a, b, c, d),
        (a, b),
        (c, d),
    ) 
    
    
CUBE，ROLLUP，GROUPING SETS还可以混合使用

GROUP BY a, CUBE (b, c), GROUPING SETS ((d), (e))
    
    GROUP BY GROUPING SETS (
        (a, b, c, d), (a, b, c, e),
        (a, b, d),    (a, b, e),
        (a, c, d),    (a, c, e),
        (a, d),       (a, e)
    )
    
既然分组聚合相当于多个group by的union all那么如何区分当前输出的记录哪个分组group by的输出呢？

使用GROUPING(cols)可以表示为参与聚合的表达式的比特位，并转换为INT输出:

    test=# select * from items_sold; make | model | sales 
    ------+-------+-------
     Foo  | GT    |    10
     Foo  | Tour  |    20
     Bar  | City  |    15
     Bar  | Sport |     5
     
GROUPING()中必须包含GROUP BY后面的任意或所有列，不能包含未参与聚合的列, 每个表达式用１个比特位表示。
    
    test=# select make, model, GROUPING(make, model), sum(sales) from items_sold GROUP BY ROLLUP(make, model) ;
     make | model | grouping | sum 
    ------+-------+----------+-----
     Bar  | City  |        0 |  15
     Bar  | Sport |        0 |   5
     Bar  |       |        1 |  20
     Foo  | GT    |        0 |  10
     Foo  | Tour  |        0 |  20
     Foo  |       |        1 |  30
          |       |        3 |  50


## Row-Level Security (RLS)

* 允许在已有的数据集通过USING表达式来操作SELECT, INSERT, UPDATE, 或者DELETE权限
* 允许使用CHECK表达式来控制INSERT或者UPDATE添加或者修改记录
* 表单式可以包含CURRENT_USER, 子查询，时间对比，函数调用

-------

    test=# SHOW row_security;
     row_security 
    --------------
     on
    (1 row)
    test=# CREATE TABLE orders(id INTEGER, product TEXT, entered_by TEXT);
    CREATE TABLE
    test=# ALTER TABLE orders ENABLE ROW LEVEL SECURITY ;
    ALTER TABLE
    test=# CREATE POLICY orders_control ON orders FOR ALL TO PUBLIC USING (entered_by = CURRENT_USER);
    test=# GRANT ALL ON TABLE orders TO PUBLIC;
    GRANT
    
    
    test=# CREATE USER emp1;
    CREATE ROLE
    test=# CREATE USER emp2;
    CREATE ROLE
    test=# 
    test=# SET SESSION AUTHORIZATION emp1;
    test=> INSERT INTO orders VALUES (101, 'fuse', CURRENT_USER);
    INSERT 0 1
    test=> INSERT INTO orders VALUES (102, 'bolt', CURRENT_USER);
    INSERT 0 1
    
    
    test=> SET SESSION AUTHORIZATION postgres;
    SET
    test=# SELECT * FROM orders;
     id  | product | entered_by 
    -----+---------+------------
     101 | fuse    | emp1
     102 | bolt    | emp2
    
    
    test=# SET SESSION AUTHORIZATION emp1;
    SET
    test=> SELECT * FROM orders;
     id  | product | entered_by 
    -----+---------+------------
     101 | fuse    | emp1
    (1 row)
    
    
    test=> SET SESSION AUTHORIZATION emp2;
    SET
    test=> SELECT * FROM orders;
     id  | product | entered_by 
    -----+---------+------------
     102 | bolt    | emp2
    (1 row)
    








